{
  "RSpec": {
    "coverage": {
      "/Users/alex/work/my_projects/celcius2fahrenheit/app/convertor.rb": [
        1,
        null,
        null,
        1,
        null,
        1,
        5,
        null,
        4,
        4,
        null,
        null,
        null,
        1,
        5,
        null,
        null
      ],
      "/Users/alex/work/my_projects/celcius2fahrenheit/app/convertor_strategy.rb": [
        null,
        1,
        null,
        1,
        null,
        null,
        1,
        22,
        null,
        null,
        null,
        1,
        1,
        null,
        null,
        null,
        null,
        1,
        null,
        1,
        10,
        null,
        5,
        null,
        null,
        null,
        1,
        5,
        null,
        null,
        null,
        null,
        1,
        null,
        1,
        8,
        null,
        4,
        null,
        null,
        null,
        1,
        4,
        null,
        null
      ],
      "/Users/alex/work/my_projects/celcius2fahrenheit/spec/convertor_strategy_spec.rb": [
        1,
        1,
        null,
        1,
        null,
        1,
        1,
        1,
        null,
        null,
        1,
        2,
        null,
        null,
        1,
        1,
        null,
        null,
        1,
        1,
        1,
        null,
        1,
        1,
        5,
        5,
        null,
        null,
        null,
        null,
        1,
        1,
        5,
        5,
        null,
        null,
        null,
        null,
        null,
        null,
        null,
        1,
        1,
        1,
        null,
        1,
        1,
        4,
        4,
        null,
        null,
        null,
        null,
        1,
        1,
        4,
        4,
        null,
        null,
        null,
        null,
        null,
        null
      ]
    },
    "timestamp": 1373369214
  }
}
